INFO: [HLS 200-10] Running '/home/dy/vivado/Vivado/2018.3/bin/unwrapped/lnx64.o/vivado_hls'
INFO: [HLS 200-10] For user 'dy' on host 'ubuntu' (Linux_x86_64 version 4.15.0-142-generic) on Mon May 10 08:06:20 CST 2021
INFO: [HLS 200-10] On os Ubuntu 16.04.7 LTS
INFO: [HLS 200-10] In directory '/home/dy/Desktop/20210510/hls'
INFO: [HLS 200-10] Opening project '/home/dy/Desktop/20210510/hls/mnist'.
INFO: [HLS 200-10] Opening solution '/home/dy/Desktop/20210510/hls/mnist/solution1'.
INFO: [SYN 201-201] Setting up clock 'default' with a period of 10ns.
INFO: [HLS 200-10] Setting target device to 'xc7z020clg400-2'
INFO: [IMPL 213-8] Exporting RTL as a Vivado IP.

****** Vivado v2018.3 (64-bit)
  **** SW Build 2405991 on Thu Dec  6 23:36:41 MST 2018
  **** IP Build 2404404 on Fri Dec  7 01:43:56 MST 2018
    ** Copyright 1986-2018 Xilinx, Inc. All Rights Reserved.

source run_ippack.tcl -notrace
INFO: [IP_Flow 19-234] Refreshing IP repositories
INFO: [IP_Flow 19-1704] No user IP repositories specified
INFO: [IP_Flow 19-2313] Loaded Vivado IP repository '/home/dy/vivado/Vivado/2018.3/data/ip'.
WARNING: [IP_Flow 19-4832] The IP name 'mnist_nn_predict_ap_fadd_2_full_dsp_32' you have specified is long. The Windows operating system has path length limitations. It is recommended you use shorter names to reduce the likelihood of issues.
create_ip: Time (s): cpu = 00:00:03 ; elapsed = 00:00:09 . Memory (MB): peak = 1417.980 ; gain = 86.621 ; free physical = 112 ; free virtual = 1373
INFO: [IP_Flow 19-1686] Generating 'Synthesis' target for IP 'mnist_nn_predict_ap_fadd_2_full_dsp_32'...
INFO: [IP_Flow 19-1686] Generating 'Simulation' target for IP 'mnist_nn_predict_ap_fadd_2_full_dsp_32'...
WARNING: [IP_Flow 19-4832] The IP name 'mnist_nn_predict_ap_fdiv_10_no_dsp_32' you have specified is long. The Windows operating system has path length limitations. It is recommended you use shorter names to reduce the likelihood of issues.
INFO: [IP_Flow 19-1686] Generating 'Synthesis' target for IP 'mnist_nn_predict_ap_fdiv_10_no_dsp_32'...
INFO: [IP_Flow 19-1686] Generating 'Simulation' target for IP 'mnist_nn_predict_ap_fdiv_10_no_dsp_32'...
WARNING: [IP_Flow 19-4832] The IP name 'mnist_nn_predict_ap_fexp_6_full_dsp_32' you have specified is long. The Windows operating system has path length limitations. It is recommended you use shorter names to reduce the likelihood of issues.
INFO: [IP_Flow 19-1686] Generating 'Synthesis' target for IP 'mnist_nn_predict_ap_fexp_6_full_dsp_32'...
INFO: [IP_Flow 19-1686] Generating 'Simulation' target for IP 'mnist_nn_predict_ap_fexp_6_full_dsp_32'...
WARNING: [IP_Flow 19-4832] The IP name 'mnist_nn_predict_ap_fmul_1_max_dsp_32' you have specified is long. The Windows operating system has path length limitations. It is recommended you use shorter names to reduce the likelihood of issues.
INFO: [IP_Flow 19-1686] Generating 'Synthesis' target for IP 'mnist_nn_predict_ap_fmul_1_max_dsp_32'...
INFO: [IP_Flow 19-1686] Generating 'Simulation' target for IP 'mnist_nn_predict_ap_fmul_1_max_dsp_32'...
INFO: [IP_Flow 19-234] Refreshing IP repositories
INFO: [IP_Flow 19-1704] No user IP repositories specified
INFO: [IP_Flow 19-2313] Loaded Vivado IP repository '/home/dy/vivado/Vivado/2018.3/data/ip'.
INFO: [Common 17-206] Exiting Vivado at Mon May 10 08:07:12 2021...
