INFO: [SIM 2] *************** CSIM start ***************
INFO: [SIM 4] CSIM will launch GCC as the compiler.
   Compiling ../../../src/test.cpp in debug mode
   Compiling ../../../src/hls_mnist.cpp in debug mode
   Generating csim.exe
0000000000000000000000000000
0000000000000000000000000000
0000000000000000000000000000
0000000000000000000000000000
0000000000000111000000000000
0000000000000111000000000000
0000000000001111000000000000
0000000000011111100000000000
0000000000111111111000000000
0000000001111111111100000000
0000000001111110011100000000
0000000011111100001110000000
0000000011110000000111000000
0000000011100000000111000000
0000000011000000000111100000
0000000111000000000111000000
0000000111000000001111000000
0000000111000000111110000000
0000000111000001111110000000
0000000111001111111100000000
0000000011111111111100000000
0000000011111111110000000000
0000000001111111000000000000
0000000000011100000000000000
0000000000000000000000000000
0000000000000000000000000000
0000000000000000000000000000
0000000000000000000000000000
0.99171 0.00150 0.00665 0.00526 0.00001 0.00534 0.00890 0.01920 0.00029 0.00002 784
INFO: [SIM 1] CSim done with 0 errors.
INFO: [SIM 3] *************** CSIM finish ***************
