INFO-FLOW: Workspace /home/dy/Desktop/20210510/hls/mnist/solution1 opened at Mon May 10 08:05:50 CST 2021
Execute     config_clock -quiet -name default -period 10 -default=false 
INFO: [SYN 201-201] Setting up clock 'default' with a period of 10ns.
Execute     open_platform DefaultPlatform 
Execute     import_lib /home/dy/vivado/Vivado/2018.3/common/technology/xilinx/zynq/zynq 
Execute       source /home/dy/vivado/Vivado/2018.3/common/technology/xilinx/common/xilinx.lib 
Execute         source /home/dy/vivado/Vivado/2018.3/common/technology/xilinx/interface/xilinx_interface.lib 
Execute           source /home/dy/vivado/Vivado/2018.3/common/technology/xilinx/interface/plb46.lib 
Execute           source /home/dy/vivado/Vivado/2018.3/common/technology/xilinx/interface/fsl.lib 
Execute           source /home/dy/vivado/Vivado/2018.3/common/technology/xilinx/interface/axi4.lib 
Execute           source /home/dy/vivado/Vivado/2018.3/common/technology/xilinx/interface/maxi.lib 
Execute           source /home/dy/vivado/Vivado/2018.3/common/technology/xilinx/interface/saxilite.lib 
Execute         source /home/dy/vivado/Vivado/2018.3/common/technology/xilinx/common/dsp48.lib 
Execute         source /home/dy/vivado/Vivado/2018.3/common/technology/xilinx/ip/xfir.lib 
Execute         source /home/dy/vivado/Vivado/2018.3/common/technology/xilinx/ip/xfft.lib 
Execute         source /home/dy/vivado/Vivado/2018.3/common/technology/xilinx/ip/dds_compiler.lib 
Execute       source /home/dy/vivado/Vivado/2018.3/common/technology/xilinx/common/xilinx_old.lib 
Execute       source /home/dy/vivado/Vivado/2018.3/common/technology/xilinx/common/xilinx_vivado.lib 
Execute       source /home/dy/vivado/Vivado/2018.3/common/technology/xilinx/common/xilinx.hlp 
Execute         source /home/dy/vivado/Vivado/2018.3/common/technology/xilinx/common/target_info.tcl 
Execute         source /home/dy/vivado/Vivado/2018.3/common/technology/xilinx/interface/xilinx_interface.hlp 
Execute           source /home/dy/vivado/Vivado/2018.3/common/technology/xilinx/interface/maxi.hlp 
Execute           source /home/dy/vivado/Vivado/2018.3/common/technology/xilinx/interface/saxilite.hlp 
Execute         source /home/dy/vivado/Vivado/2018.3/common/technology/xilinx/common/dsp48.hlp 
Execute       source /home/dy/vivado/Vivado/2018.3/common/technology/xilinx/zynq/dsp48e1.hlp 
Execute       get_default_platform 
Execute       config_chip_info -quiet -resource  {SLICE 13300}  {LUT 53200}     {FF 106400} {DSP48E 220}   {BRAM 280}  
Execute       config_chip_info -quiet -speed medium 
Execute       source /home/dy/vivado/Vivado/2018.3/common/technology/xilinx/common/xilinx.hlp 
Execute         source /home/dy/vivado/Vivado/2018.3/common/technology/xilinx/common/target_info.tcl 
Execute         source /home/dy/vivado/Vivado/2018.3/common/technology/xilinx/interface/xilinx_interface.hlp 
Execute           source /home/dy/vivado/Vivado/2018.3/common/technology/xilinx/interface/maxi.hlp 
Execute           source /home/dy/vivado/Vivado/2018.3/common/technology/xilinx/interface/saxilite.hlp 
Execute         source /home/dy/vivado/Vivado/2018.3/common/technology/xilinx/common/dsp48.hlp 
Execute     source /home/dy/vivado/Vivado/2018.3/common/technology/xilinx/zynq/zynq.gen 
Execute       source /home/dy/vivado/Vivado/2018.3/common/technology/xilinx/common/virtex.gen 
Execute         source /home/dy/vivado/Vivado/2018.3/common/technology/xilinx/common/xilinx.gen 
Execute           source /home/dy/vivado/Vivado/2018.3/common/technology/xilinx/interface/plb46.gen 
Execute           source /home/dy/vivado/Vivado/2018.3/common/technology/xilinx/interface/fsl.gen 
Execute           source /home/dy/vivado/Vivado/2018.3/common/technology/xilinx/interface/axi4.gen 
Execute           source /home/dy/vivado/Vivado/2018.3/common/technology/xilinx/interface/nativeAXI4.gen 
Execute             source /home/dy/vivado/Vivado/2018.3/common/technology/xilinx/interface/saxilite.gen 
Execute             source /home/dy/vivado/Vivado/2018.3/common/technology/xilinx/interface/maxi.gen 
Execute           source /home/dy/vivado/Vivado/2018.3/common/technology/xilinx/scripts/xilinxcoregen.gen 
Execute           source /home/dy/vivado/Vivado/2018.3/common/technology/xilinx/interface/XilEDKCoreGen.gen 
Execute           source /home/dy/vivado/Vivado/2018.3/common/technology/xilinx/ip/dds_compiler.gen 
Execute           source /home/dy/vivado/Vivado/2018.3/common/technology/xilinx/ip/util.gen 
Execute           source /home/dy/vivado/Vivado/2018.3/common/technology/xilinx/ip/xfft.gen 
Execute           source /home/dy/vivado/Vivado/2018.3/common/technology/xilinx/ip/xfir.gen 
Command         ap_source done; 0.12 sec.
Execute         source /home/dy/vivado/Vivado/2018.3/common/technology/xilinx/common/dsp48.gen 
Command       ap_source done; 0.12 sec.
Command     ap_source done; 0.12 sec.
Execute     open_platform DefaultPlatform 
Execute     import_lib /home/dy/vivado/Vivado/2018.3/common/technology/xilinx/zynq/zynq_fpv6 
Execute       source /home/dy/vivado/Vivado/2018.3/common/technology/xilinx/common/xilinx_fpv7.lib 
Execute         source /home/dy/vivado/Vivado/2018.3/common/technology/xilinx/common/xilinx_hp.lib 
Execute       source /home/dy/vivado/Vivado/2018.3/common/technology/xilinx/common/xilinx_fpv.hlp 
Execute         source /home/dy/vivado/Vivado/2018.3/common/technology/xilinx/common/xilinx.hlp 
Execute           source /home/dy/vivado/Vivado/2018.3/common/technology/xilinx/common/target_info.tcl 
Execute           source /home/dy/vivado/Vivado/2018.3/common/technology/xilinx/interface/xilinx_interface.hlp 
Execute             source /home/dy/vivado/Vivado/2018.3/common/technology/xilinx/interface/maxi.hlp 
Execute             source /home/dy/vivado/Vivado/2018.3/common/technology/xilinx/interface/saxilite.hlp 
Execute           source /home/dy/vivado/Vivado/2018.3/common/technology/xilinx/common/dsp48.hlp 
Execute       source /home/dy/vivado/Vivado/2018.3/common/technology/xilinx/zynq/zynq_hp.hlp 
Execute     source /home/dy/vivado/Vivado/2018.3/common/technology/xilinx/zynq/zynq_fpv6.gen 
Execute       source /home/dy/vivado/Vivado/2018.3/common/technology/xilinx/common/xilinx_fpv6.gen 
Execute     set_part xc7z020clg400-2 
Execute       add_library xilinx/zynq/zynq:xc7z020:clg400:-2 
Execute         get_default_platform 
Execute         license_isbetapart xc7z020 
Command         license_isbetapart done; error code: 1; 
Execute         get_default_platform 
Execute         config_chip_info -quiet -resource  {SLICE 13300}  {LUT 53200}     {FF 106400} {DSP48E 220}   {BRAM 280}  
Execute         config_chip_info -quiet -speed medium 
Execute       add_library xilinx/zynq/zynq_fpv6 
Execute         get_default_platform 
INFO: [HLS 200-10] Setting target device to 'xc7z020clg400-2'
Execute       get_default_platform 
Execute     get_default_platform 
Execute     config_chip_info -quiet -resource  {SLICE 13300}  {LUT 53200}     {FF 106400} {DSP48E 220}   {BRAM 280}  
Execute     config_chip_info -quiet -speed medium 
Command   open_solution done; 0.23 sec.
Execute   set_part xc7z020clg400-2 -tool vivado 
Execute     add_library xilinx/zynq/zynq:xc7z020:clg400:-2 
Execute       get_default_platform 
Execute       license_isbetapart xc7z020 
Command       license_isbetapart done; error code: 1; 
Execute       get_default_platform 
Execute       config_chip_info -quiet -resource  {SLICE 13300}  {LUT 53200}     {FF 106400} {DSP48E 220}   {BRAM 280}  
Execute       config_chip_info -quiet -speed medium 
Execute     add_library xilinx/zynq/zynq_fpv6 
Execute       get_default_platform 
Execute     get_default_platform 
Execute   create_clock -period 10 -name default 
Execute     config_clock -quiet -name default -period 10 -default=false 
INFO: [SYN 201-201] Setting up clock 'default' with a period of 10ns.
Execute   csynth_design 
Execute     get_config_compile -effort 
Execute     get_config_compile -enable_clang39 
Execute     get_config_compile -g 
Execute     get_config_compile -lm 
Execute     get_config_compile -ng 
Execute     get_config_compile -opt_fp 
Execute     get_config_compile -skip_cdt 
Execute     get_config_compile -skip_syncheck 
Execute     get_config_compile -skip_transform 
Execute     config_compile -blackbox  
Execute     get_config_compile -keep_printf 
Execute     elaborate -effort=medium -skip_syncheck=0 -keep_printf=0 -lm=0 -skip_cdt=0 -skip_transform=0 -ng=0 -g=0 -opt_fp=0 -from_csynth_design=1 
Execute       get_config_schedule -relax_ii_for_timing 
INFO: [SCHED 204-61] Option 'relax_ii_for_timing' is enabled, will increase II to preserve clock frequency constraints.
Execute       get_config_schedule -suppress_dependence_error_break 
INFO: [HLS 200-10] Analyzing design file 'mnist/src/hls_mnist.cpp' ... 
INFO-FLOW: Compiling one TU...
Execute       is_m_axi_addr64 
INFO-FLOW: Handling mnist/src/hls_mnist.cpp as C++
Execute       get_default_platform 
Execute       is_encrypted mnist/src/hls_mnist.cpp 
Execute       get_default_platform 
INFO-FLOW: Running: GCC PP
INFO-FLOW: Source preprocessing
Execute       clang  -fno-limit-debug-info -gcc-toolchain "/home/dy/vivado/Vivado/2018.3/lnx64/tools/gcc" -hls  -fno-exceptions  -D__llvm__  -E "mnist/src/hls_mnist.cpp"     -fno-math-errno -c -emit-llvm -O0  -mllvm -disable-llvm-optzns -fno-threadsafe-statics  -fno-use-cxa-atexit  -fno-threadsafe-statics -fno-use-cxa-atexit -D__CLANG_3_1__ -DAESL_SYN -D__SYNTHESIS__ -D__HLS_SYN__ -I "/home/dy/vivado/Vivado/2018.3/common/technology/autopilot" -I "/home/dy/vivado/Vivado/2018.3/common/technology/autopilot/ap_sysc" -include etc/autopilot_ssdm_op.h -D__DSP48E1__  -o "/home/dy/Desktop/20210510/hls/mnist/solution1/.autopilot/db/hls_mnist.pp.0.cpp" 
INFO-FLOW: exec /home/dy/vivado/Vivado/2018.3/lnx64/tools/clang/bin/clang -fno-limit-debug-info -gcc-toolchain /home/dy/vivado/Vivado/2018.3/lnx64/tools/gcc -hls -fno-exceptions -D__llvm__ -E mnist/src/hls_mnist.cpp -fno-math-errno -c -emit-llvm -O0 -mllvm -disable-llvm-optzns -fno-threadsafe-statics -fno-use-cxa-atexit -fno-threadsafe-statics -fno-use-cxa-atexit -D__CLANG_3_1__ -DAESL_SYN -D__SYNTHESIS__ -D__HLS_SYN__ -I /home/dy/vivado/Vivado/2018.3/common/technology/autopilot -I /home/dy/vivado/Vivado/2018.3/common/technology/autopilot/ap_sysc -include etc/autopilot_ssdm_op.h -D__DSP48E1__ -o /home/dy/Desktop/20210510/hls/mnist/solution1/.autopilot/db/hls_mnist.pp.0.cpp
Command       clang done; 1.33 sec.
Execute       tidy_31 xilinx-xfmat-array-geometry /home/dy/Desktop/20210510/hls/mnist/solution1/.autopilot/db/hls_mnist.pp.0.cpp std=gnu++98 
INFO-FLOW: exec /home/dy/vivado/Vivado/2018.3/lnx64/tools/clang-3.9-csynth/bin/tidy-3.1 -header-filter=.* -checks=-*,xilinx-xfmat-array-geometry -quiet -fix /home/dy/Desktop/20210510/hls/mnist/solution1/.autopilot/db/hls_mnist.pp.0.cpp -- -std=gnu++98 -fhls -ferror-limit=0
Command       tidy_31 done; 0.26 sec.
INFO-FLOW: Syntax Checking before pre-processing...
Execute       clang -syntaxcheck -src /home/dy/Desktop/20210510/hls/mnist/solution1/.autopilot/db/hls_mnist.pp.0.cpp  -fno-limit-debug-info -gcc-toolchain "/home/dy/vivado/Vivado/2018.3/lnx64/tools/gcc" -hls    -fno-math-errno -c -emit-llvm -O0  -mllvm -disable-llvm-optzns -fno-threadsafe-statics  -fno-use-cxa-atexit  -fno-threadsafe-statics -fno-use-cxa-atexit -D__CLANG_3_1__ -DAESL_SYN -D__SYNTHESIS__ -D__HLS_SYN__ -I "/home/dy/vivado/Vivado/2018.3/common/technology/autopilot" -I "/home/dy/vivado/Vivado/2018.3/common/technology/autopilot/ap_sysc" -include etc/autopilot_ssdm_op.h -D__DSP48E1__  "/home/dy/Desktop/20210510/hls/mnist/solution1/.autopilot/db/hls_mnist.pp.0.cpp"  -o "/home/dy/Desktop/20210510/hls/mnist/solution1/.autopilot/db/useless.bc"  
INFO-FLOW: exec /home/dy/vivado/Vivado/2018.3/lnx64/tools/clang/bin/clang -fno-limit-debug-info -gcc-toolchain /home/dy/vivado/Vivado/2018.3/lnx64/tools/gcc -hls -fno-math-errno -c -emit-llvm -O0 -mllvm -disable-llvm-optzns -fno-threadsafe-statics -fno-use-cxa-atexit -fno-threadsafe-statics -fno-use-cxa-atexit -D__CLANG_3_1__ -DAESL_SYN -D__SYNTHESIS__ -D__HLS_SYN__ -I /home/dy/vivado/Vivado/2018.3/common/technology/autopilot -I /home/dy/vivado/Vivado/2018.3/common/technology/autopilot/ap_sysc -include etc/autopilot_ssdm_op.h -D__DSP48E1__ /home/dy/Desktop/20210510/hls/mnist/solution1/.autopilot/db/hls_mnist.pp.0.cpp -o /home/dy/Desktop/20210510/hls/mnist/solution1/.autopilot/db/useless.bc
Command       clang done; 1.63 sec.
INFO-FLOW: Done: GCC PP time: 3.2 seconds per iteration
Execute       list_core -type functional_unit 
Execute       tidy_31 xilinx-systemc-detector /home/dy/Desktop/20210510/hls/mnist/solution1/.autopilot/db/hls_mnist.pp.0.cpp std=gnu++98 -directive=/home/dy/Desktop/20210510/hls/mnist/solution1/.autopilot/db/.systemc_flag 
INFO-FLOW: exec /home/dy/vivado/Vivado/2018.3/lnx64/tools/clang-3.9-csynth/bin/tidy-3.1 -header-filter=.* -checks=-*,xilinx-systemc-detector -import-directive=/home/dy/Desktop/20210510/hls/mnist/solution1/.autopilot/db/.systemc_flag -quiet -fix-errors /home/dy/Desktop/20210510/hls/mnist/solution1/.autopilot/db/hls_mnist.pp.0.cpp -- -std=gnu++98 -fhls -ferror-limit=0
Command       tidy_31 done; 0.26 sec.
INFO-FLOW: Running: tidy-3.1 CDT preprocess
Execute       tidy_31 xilinx-directive2pragma /home/dy/Desktop/20210510/hls/mnist/solution1/.autopilot/db/hls_mnist.pp.0.cpp std=gnu++98 -directive=/home/dy/Desktop/20210510/hls/mnist/solution1/.autopilot/db/all.directive.json 
INFO-FLOW: exec /home/dy/vivado/Vivado/2018.3/lnx64/tools/clang-3.9-csynth/bin/tidy-3.1 -header-filter=.* -checks=-*,xilinx-directive2pragma -import-directive=/home/dy/Desktop/20210510/hls/mnist/solution1/.autopilot/db/all.directive.json -quiet -fix-errors /home/dy/Desktop/20210510/hls/mnist/solution1/.autopilot/db/hls_mnist.pp.0.cpp -- -std=gnu++98 -fhls -ferror-limit=0
Command       tidy_31 done; 0.23 sec.
Execute       get_config_dataflow -strict_mode 
Execute       ap_eval exec -ignorestderr /home/dy/vivado/Vivado/2018.3/lnx64/tools/clang-3.9-csynth/bin/xilinx-dataflow-lawyer -export-fixes=/home/dy/Desktop/20210510/hls/mnist/solution1/.autopilot/db/xilinx-dataflow-lawyer.hls_mnist.pp.0.cpp.diag.yml /home/dy/Desktop/20210510/hls/mnist/solution1/.autopilot/db/hls_mnist.pp.0.cpp -- -std=gnu++98 -fhls -ferror-limit=0 -fstrict-dataflow > /home/dy/Desktop/20210510/hls/mnist/solution1/.autopilot/db/xilinx-dataflow-lawyer.hls_mnist.pp.0.cpp.out.log 2> /home/dy/Desktop/20210510/hls/mnist/solution1/.autopilot/db/xilinx-dataflow-lawyer.hls_mnist.pp.0.cpp.err.log 
Command       ap_eval done; 0.25 sec.
Execute       tidy_31 -errorcheck xilinx-constantarray-param,xilinx-resource-pragma-transformer,xilinx-xfmat-array-geometry /home/dy/Desktop/20210510/hls/mnist/solution1/.autopilot/db/hls_mnist.pp.0.cpp std=gnu++98 
Execute         ap_eval exec -ignorestderr /home/dy/vivado/Vivado/2018.3/lnx64/tools/clang-3.9-csynth/bin/tidy-3.1 -export-fixes=/home/dy/Desktop/20210510/hls/mnist/solution1/.autopilot/db/tidy-3.1.hls_mnist.pp.0.cpp.diag.yml -header-filter=.* -checks=-*,xilinx-constantarray-param,xilinx-resource-pragma-transformer,xilinx-xfmat-array-geometry -quiet -fix-errors /home/dy/Desktop/20210510/hls/mnist/solution1/.autopilot/db/hls_mnist.pp.0.cpp -- -std=gnu++98 -fhls -ferror-limit=0 > /home/dy/Desktop/20210510/hls/mnist/solution1/.autopilot/db/tidy-3.1.hls_mnist.pp.0.cpp.out.log 2> /home/dy/Desktop/20210510/hls/mnist/solution1/.autopilot/db/tidy-3.1.hls_mnist.pp.0.cpp.err.log 
Command         ap_eval done; 0.55 sec.
Execute         ap_eval exec -ignorestderr /home/dy/vivado/Vivado/2018.3/lnx64/tools/clang-3.9-csynth/bin/xilinx-legacy-rewriter /home/dy/Desktop/20210510/hls/mnist/solution1/.autopilot/db/hls_mnist.pp.0.cpp -- -std=gnu++98 -fhls -ferror-limit=0 > /home/dy/Desktop/20210510/hls/mnist/solution1/.autopilot/db/xilinx-legacy-rewriter.hls_mnist.pp.0.cpp.out.log 2> /home/dy/Desktop/20210510/hls/mnist/solution1/.autopilot/db/xilinx-legacy-rewriter.hls_mnist.pp.0.cpp.err.log 
Command         ap_eval done; 0.33 sec.
Command       tidy_31 done; 0.91 sec.
INFO-FLOW: Done: tidy-3.1 CDT preprocess time: 1.4 seconds per iteration
INFO-FLOW: Pragma Handling...
Execute       tidy_31 xilinx-ssdm-intrinsics-arguments /home/dy/Desktop/20210510/hls/mnist/solution1/.autopilot/db/hls_mnist.pragma.1.cpp std=gnu++98 
INFO-FLOW: exec /home/dy/vivado/Vivado/2018.3/lnx64/tools/clang-3.9-csynth/bin/tidy-3.1 -header-filter=.* -checks=-*,xilinx-ssdm-intrinsics-arguments -quiet -fix-errors /home/dy/Desktop/20210510/hls/mnist/solution1/.autopilot/db/hls_mnist.pragma.1.cpp -- -std=gnu++98 -fhls -ferror-limit=0
Command       tidy_31 done; 0.85 sec.
Execute       get_default_platform 
INFO-FLOW: Processing labels
Execute       clang -src /home/dy/Desktop/20210510/hls/mnist/solution1/.autopilot/db/hls_mnist.pragma.2.cpp  -fno-limit-debug-info -gcc-toolchain /home/dy/vivado/Vivado/2018.3/lnx64/tools/gcc -hls -hls-analyze-label -hls-analyze-pragma -fno-exceptions  -D__llvm__  -w  "/home/dy/Desktop/20210510/hls/mnist/solution1/.autopilot/db/hls_mnist.pragma.2.cpp"    -fno-math-errno -c -emit-llvm -O0  -mllvm -disable-llvm-optzns -fno-threadsafe-statics  -fno-use-cxa-atexit -DAESL_SYN -D__SYNTHESIS__ -D__HLS_SYN__ -I "/home/dy/vivado/Vivado/2018.3/common/technology/autopilot" -I "/home/dy/vivado/Vivado/2018.3/common/technology/autopilot/ap_sysc" -include etc/autopilot_ssdm_op.h -D__DSP48E1__ -g -o "/home/dy/Desktop/20210510/hls/mnist/solution1/.autopilot/db/hls_mnist.bc" 
INFO-FLOW: exec /home/dy/vivado/Vivado/2018.3/lnx64/tools/clang/bin/clang -fno-limit-debug-info -gcc-toolchain /home/dy/vivado/Vivado/2018.3/lnx64/tools/gcc -hls -hls-analyze-label -hls-analyze-pragma -fno-exceptions -D__llvm__ -w /home/dy/Desktop/20210510/hls/mnist/solution1/.autopilot/db/hls_mnist.pragma.2.cpp -fno-math-errno -c -emit-llvm -O0 -mllvm -disable-llvm-optzns -fno-threadsafe-statics -fno-use-cxa-atexit -DAESL_SYN -D__SYNTHESIS__ -D__HLS_SYN__ -I /home/dy/vivado/Vivado/2018.3/common/technology/autopilot -I /home/dy/vivado/Vivado/2018.3/common/technology/autopilot/ap_sysc -include etc/autopilot_ssdm_op.h -D__DSP48E1__ -g -o /home/dy/Desktop/20210510/hls/mnist/solution1/.autopilot/db/hls_mnist.bc
Command       clang done; 1.81 sec.
INFO-FLOW: Linking Debug ...
Execute       llvm-ld /home/dy/Desktop/20210510/hls/mnist/solution1/.autopilot/db/hls_mnist.g.bc -hls-opt -except-internalize mnist_nn_predict -L/home/dy/vivado/Vivado/2018.3/lnx64/lib -lhlsm -lhlsmc++ -o /home/dy/Desktop/20210510/hls/mnist/solution1/.autopilot/db/a.g 
Command       llvm-ld done; 0.68 sec.
INFO: [HLS 200-111] Finished Linking Time (s): cpu = 00:00:08 ; elapsed = 00:00:09 . Memory (MB): peak = 435.062 ; gain = 0.105 ; free physical = 162 ; free virtual = 1624
INFO: [HLS 200-111] Finished Checking Pragmas Time (s): cpu = 00:00:08 ; elapsed = 00:00:09 . Memory (MB): peak = 435.062 ; gain = 0.105 ; free physical = 162 ; free virtual = 1624
Execute       get_config_sdx -target 
Execute       opt_and_import_c a -opt_level=2 -skip_syncheck=0 -ng=0 -keep_printf=0 
Execute         cleanup_all_models 
INFO: [HLS 200-10] Starting code transformations ...
Execute         transform -promote-dbg-pointer /home/dy/Desktop/20210510/hls/mnist/solution1/.autopilot/db/a.pp.bc -o /home/dy/Desktop/20210510/hls/mnist/solution1/.autopilot/db/a.pp.0.bc -f 
Execute         llvm-ld /home/dy/Desktop/20210510/hls/mnist/solution1/.autopilot/db/a.pp.0.bc -disable-opt -L/home/dy/vivado/Vivado/2018.3/lnx64/lib -lfloatconversion -o /home/dy/Desktop/20210510/hls/mnist/solution1/.autopilot/db/a.g.0 
Command         llvm-ld done; 0.67 sec.
INFO-FLOW: Running Standard Transforms...
Execute         transform -hls -share-std-xform -demangle-name -inline-byval-memcpy -always-inline -promote-dbg-pointer -interface-preproc -mem2reg -lower-blackbox -scalarrepl -mem2reg -keep-read-access -instcombine -dce -promote-dbg-pointer -bitop-raise -loop-simplify -indvarspre -indvars -loop-simplify -xunroll -constprop -instcombine -simplifycfg -indvars -simplifycfg -dce -globaldce -basicaa -simplifycfg -mem2reg -globalopt -global-constprop -deadargelim -instcombine -simplifycfg -prune-eh -simplifycfg -scalarrepl -instcombine -reassociate -licm -simplifycfg -loop-simplify -indvars -instcombine -simplifycfg -mem2reg -loop-simplify -indvars -instcombine -gvn -gvn -instcombine -adce -break-crit-edges -simplifycfg -loop-delete -global-array-opt -dce -dse -adce -find-syn-modules -top mnist_nn_predict -deadargelim -mem2reg -instcombine -dce -presyn-prepare -auto-rom-infer -interface-preproc -syn-check -check-rec-only -find-region -simplifycfg -func-extr -function-inline -globaldce -mem2reg -instcombine -dce -gvn -globaldce -adce -adse -constprop -instcombine -bit-constprop -instcombine -dce -simplifycfg -bitop-raise -simplifycfg -dce -loop-delete -reassociate -globalopt -global-privatize -mem2reg -dce -global-constprop -pointer-simplify -constprop -dce -func-inst -deadargelim -auto-shift-reg-idiom -promote-dbg-pointer -norm-name /home/dy/Desktop/20210510/hls/mnist/solution1/.autopilot/db/a.g.0.bc -o /home/dy/Desktop/20210510/hls/mnist/solution1/.autopilot/db/a.g.1.bc -f -phase std-opt 
INFO: [HLS 200-111] Finished Standard Transforms Time (s): cpu = 00:00:09 ; elapsed = 00:00:10 . Memory (MB): peak = 435.211 ; gain = 0.254 ; free physical = 170 ; free virtual = 1632
INFO: [HLS 200-10] Checking synthesizability ...
INFO-FLOW: Checking Synthesizability 1/2..
Execute         transform -hls -syn-check -check-rec-only -disaggr -scalarrepl -norm-name -dce -mem2reg -instcombine -function-uniquify -directive-preproc -mem2reg -dse -dce -auto-rom-infer -dce -pag -array-normalize -instcombine -dce -warn-fifo-pointer -array-seg-normalize -instcombine -dce -array-flatten -instcombine -dce -array-burst -dce -deadargelim -promote-global-argument -simplifycfg -mem2reg -globaldce -resolve-double-ptr -dce -deadargelim -dce -instcombine -function-inline -globaldce -dce -doublePtrSimplify -doublePtrElim -dce -doublePtrSimplify -promote-dbg-pointer -dce -scalarrepl -dse -adse -instcombine -ptrLegalization -simplifycfg -dce -instcombine -pointer-simplify -ptrArgReplace -dce -instcombine -disaggr -scalarrepl -norm-name -dce -mem2reg -instcombine -ptrLegalization -simplifycfg -deadargelim -instcombine -dce -inst-simplify -function-uniquify -directive-preproc -mem2reg -dse -dce -globaldce -check-dspbuiltin /home/dy/Desktop/20210510/hls/mnist/solution1/.autopilot/db/a.g.1.bc -o /home/dy/Desktop/20210510/hls/mnist/solution1/.autopilot/db/a.g.2.prechk.bc -f 
INFO: [XFORM 203-602] Inlining function 'Sigmoid.2' into 'mnist_nn_predict' (mnist/src/hls_mnist.cpp:78) automatically.
INFO: [XFORM 203-602] Inlining function 'Sigmoid.1' into 'mnist_nn_predict' (mnist/src/hls_mnist.cpp:94) automatically.
INFO: [XFORM 203-602] Inlining function 'Sigmoid' into 'mnist_nn_predict' (mnist/src/hls_mnist.cpp:109) automatically.
Command         transform done; 0.13 sec.
INFO-FLOW: Checking Synthesizability 2/2..
Execute         transform -syn-check /home/dy/Desktop/20210510/hls/mnist/solution1/.autopilot/db/a.g.2.prechk.bc -o /home/dy/Desktop/20210510/hls/mnist/solution1/.autopilot/db/a.g.2.bc -f -phase syn-check 
INFO: [HLS 200-111] Finished Checking Synthesizability Time (s): cpu = 00:00:09 ; elapsed = 00:00:10 . Memory (MB): peak = 435.211 ; gain = 0.254 ; free physical = 161 ; free virtual = 1624
INFO-FLOW: Compiler optimizing ...
INFO-FLOW: Share syncheck's 1.bc for syn flow: copy /home/dy/Desktop/20210510/hls/mnist/solution1/.autopilot/db/a.g.1.bc to /home/dy/Desktop/20210510/hls/mnist/solution1/.autopilot/db/a.o.1.bc
INFO-FLOW: Presyn 1...
Execute         transform -hls -tmp /home/dy/Desktop/20210510/hls/mnist/solution1/.autopilot/db -interface-port-rename -type-info -function-uniquify -directive-preproc -mem2reg -dse -dce -disaggr -scalarrepl -norm-name -deadargelim -mem2reg -instcombine -dce -simplifycfg -auto-rom-infer -dce -function-uniquify -resource-proc -simplifycfg -mem2reg -globaldce -resolve-double-ptr -dce -deadargelim -dce -instcombine -clib-intrinsic-prepare -dce -func-buffer -dce -pag -array-normalize -func-legal -instcombine -gvn -constprop -dce -ptrArgReplace -mem2reg -instcombine -dce -array-seg-normalize -deadargelim -instcombine -dce -pointer-simplify -dce -port-alignment -dce -interface-preproc -data-pack -instcombine -dce -basicaa -aggr-aa -aggrmodref-aa -aggr-aa -gvn -gvn -basicaa -aggr-aa -aggrmodref-aa -aggr-aa -dse -adse -adce -loop-simplify -indvars -instcombine -gvn -loop-simplify -mem2reg -dce -find-region -instcombine -auto-loop-pipeline -inst-simplify -interface-preproc -cfgopt -instcombine -indvars -auto-loop-unroll -loop-simplify -loop-bound -xunroll -constprop -instcombine -simplifycfg -indvars -simplifycfg -dce -globaldce -clean-region -attach-range -gvn -inst-simplify -constprop -simplifycfg -dce -pointer-simplify -dce -globalopt -constprop -dce -array-promote -constprop -instcombine -dce -ptrArgReplace -mem2reg -instcombine -simplifycfg -dce -auto-par -instcombine -dce -array-transform-check -array-reshape -instcombine -simplifycfg -dce -ptrArgReplace -deadargelim -mem2reg -instcombine -simplifycfg -dce -indvars -loop-simplify -loop-bound -xunroll -constprop -instcombine -simplifycfg -indvars -simplifycfg -dce -globaldce -basicaa -aggr-aa -aggrmodref-aa -aggr-aa -dse -duplicate-dataflow-processes -globaldce -instcombine -array-partition -instcombine -simplifycfg -dce -ptrArgReplace -global-constprop -deadargelim -mem2reg -func-legal -instcombine -dce -global-constprop -deadargelim -mem2reg -instcombine -simplifycfg -dce -merge-param -deadargelim -globalopt -constprop -dce -array-promote -constprop -instcombine -dce -ptrArgReplace -mem2reg -instcombine -simplifycfg -dce -mem-intrinsic-preproc -dce -global-internalize -global-privatize -mem2reg -globaldce -promote-global-argument -ptrArgReplace -mem2reg -instcombine -dce -globalopt -mergereturn -simplify-global-access -mem2reg -dce -pointer-simplify -dce -functionattrs -basicaa -aggr-aa -aggrmodref-aa -aggr-aa -gvn -gvn -basicaa -aggr-aa -aggrmodref-aa -aggr-aa -dse -adse -adce -inst-simplify -dce -norm-name -function-inline -globaldce -func-inst -constprop -instcombine -simplifycfg -dce -func-legal -dce -loop-bound -arraycheck -bitwidthmin -on-by-dataflow -loop-delete -instcombine -simplifycfg -globaldce -dce -gvn -deadargelim -dce -loop-simplify -clean-region -simplifycfg -propagate-stable-arguments -loop-stream -instcombine -simplifycfg -dce -globaldce -duplicate-dataflow-processes -stream-intrinsic-preproc -dce -check-ap-stream -loop-simplify -eliminate-keepreads -extract-dataflow-in-loop -loop-simplify -dce -gvn -deadargelim -dse -check-dataflow-syntax -legalize-stream-variable -legalize-global -extract-subproc -dce -dead-channel-elimination -canonicalize-gep -globaldce -dce -gvn -deadargelim -annotate-dataflow-channels -scalar-propagation -deadargelim -globaldce -mem2reg -check-dataflow-channels -function-stream -dce -globaldce -prop-fifo-spec -internal-stream-gen -canonicalize-gep -globaldce -dce -gvn -deadargelim -mergereturn -indvars -loop-simplify -instcombine -array-stream -array-seg-normalize -array-partition -func-legal -instcombine -simplifycfg -dce -bundle-memfifo-ops -deadargelim -function-uniquify -directive-preproc -mem2reg -dse -dce -group-axi-access -licm -simplifycfg -dce -loop-delete -norm-name /home/dy/Desktop/20210510/hls/mnist/solution1/.autopilot/db/a.o.1.bc -o /home/dy/Desktop/20210510/hls/mnist/solution1/.autopilot/db/a.o.1.tmp.bc -f 
INFO: [XFORM 203-602] Inlining function 'Sigmoid.2' into 'mnist_nn_predict' (mnist/src/hls_mnist.cpp:78) automatically.
INFO: [XFORM 203-602] Inlining function 'Sigmoid.1' into 'mnist_nn_predict' (mnist/src/hls_mnist.cpp:94) automatically.
INFO: [XFORM 203-602] Inlining function 'Sigmoid' into 'mnist_nn_predict' (mnist/src/hls_mnist.cpp:109) automatically.
Command         transform done; 0.11 sec.
INFO-FLOW: Presyn 2...
Execute         transform -hls -keep-callgraph -scalarrepl -mem2reg -port-alignment -attach-range -dce -pipe-mux-gen -indvars -loop-bound -inst-simplify -instcombine -dce -merge-array-access -mem2reg -dce -clean-region -mergereturn -if-conv -instcombine -dce -constprop -basicaa -aggr-aa -aggrmodref-aa -aggr-aa -gvn -gvn -basicaa -aggr-aa -aggrmodref-aa -aggr-aa -dse -adse -adce -scalarrepl -mem2reg -global-constprop -deadargelim -deadargelim -instcombine -dce -simplifycfg -ptrArgReplace -mem2reg -function-inline -globaldce -mem2reg -instcombine -dce -expr-balance -instcombine -dce -bitwidthmin -interface-preproc -directive-preproc -inst-rectify -instcombine -dce -functionattrs -constprop -instcombine -bit-constprop -simplify-global-access -globalopt -globaldce -inst-simplify -instcombine -elimdeaddata -dce -loop-delete -simplifycfg -loop-simplify -auto-burst -norm-name /home/dy/Desktop/20210510/hls/mnist/solution1/.autopilot/db/a.o.1.tmp.bc -o /home/dy/Desktop/20210510/hls/mnist/solution1/.autopilot/db/a.o.2.bc -f -phase presyn 
INFO: [HLS 200-111] Finished Pre-synthesis Time (s): cpu = 00:00:09 ; elapsed = 00:00:10 . Memory (MB): peak = 581.457 ; gain = 146.500 ; free physical = 141 ; free virtual = 1605
INFO-FLOW: Building ssdm...
Execute         transform -hls -function-uniquify -auto-function-inline -globaldce -ptrArgReplace -mem2reg -instcombine -dce -reset-lda -loop-simplify -indvars -licm -loop-dep -loop-bound -licm -loop-simplify -flattenloopnest -array-flatten -gvn -instcombine -dce -array-map -dce -func-legal -gvn -adce -instcombine -cfgopt -simplifycfg -loop-simplify -array-burst -promote-global-argument -dce -axi4-lower -array-seg-normalize -basicaa -aggrmodref-aa -globalsmodref-aa -aggr-aa -gvn -gvn -basicaa -aggrmodref-aa -globalsmodref-aa -aggr-aa -dse -adse -adce -licm -inst-simplify -dce -globaldce -instcombine -array-stream -eliminate-keepreads -instcombine -dce -deadargelim -doublePtrSimplify -doublePtrElim -dce -doublePtrSimplify -promote-dbg-pointer -dce -scalarrepl -mem2reg -disaggr -norm-name -mem2reg -instcombine -dse -adse -adce -ptrLegalization -dce -auto-rom-infer -array-flatten -dce -instcombine -check-doubleptr -loop-rot -constprop -cfgopt -simplifycfg -loop-simplify -indvars -pointer-simplify -dce -loop-bound -loop-simplify -loop-preproc -constprop -global-constprop -gvn -mem2reg -instcombine -dce -loop-bound -loop-merge -dce -bitwidthmin -deadargelim -dce -canonicalize-dataflow -dce -scalar-propagation -deadargelim -globaldce -mem2reg -read-loop-dep -interface-preproc -directive-preproc -interface-gen -bram-byte-enable -deadargelim -inst-simplify -dce -gvn -mem2reg -instcombine -dce -adse -loop-bound -instcombine -cfgopt -simplifycfg -loop-simplify -clean-region -io-protocol -find-region -mem2reg -bitop-raise -inst-simplify -inst-rectify -instcombine -adce -deadargelim -loop-simplify -phi-opt -bitop-raise -cfgopt -simplifycfg -strip-dead-prototypes -interface-lower -bitop-lower -intrinsic-lower -auto-function-inline -basicaa -aggrmodref-aa -globalsmodref-aa -aggr-aa -inst-simplify -simplifycfg -loop-simplify -mergereturn -inst-simplify -inst-rectify -dce -load-elim -bitop-lower -loop-rewind -pointer-simplify -dce -cfgopt -dce -bitwidth -loop-bound -loop-dep -read-loop-dep -dce -check-stream -norm-name -legalize -validate-dataflow -inst-clarity -cdfg-build /home/dy/Desktop/20210510/hls/mnist/solution1/.autopilot/db/a.o.2.bc -o /home/dy/Desktop/20210510/hls/mnist/solution1/.autopilot/db/a.o.3.bc -f -phase build-ssdm 
Command         transform done; 0.13 sec.
INFO: [HLS 200-111] Finished Architecture Synthesis Time (s): cpu = 00:00:09 ; elapsed = 00:00:10 . Memory (MB): peak = 581.457 ; gain = 146.500 ; free physical = 132 ; free virtual = 1596
INFO-FLOW: Finish building internal data model.
Command       opt_and_import_c done; 1.26 sec.
Command     elaborate done; 9.51 sec.
Execute     autosyn -from_csynth_design=1 
INFO: [HLS 200-10] Starting hardware synthesis ...
INFO-FLOW: Synthesizing C/C++ design ...
INFO: [HLS 200-10] Synthesizing 'mnist_nn_predict' ...
Execute       ap_set_top_model mnist_nn_predict 
Execute       get_model_list mnist_nn_predict -filter all-wo-channel -topdown 
Execute       preproc_iomode -model mnist_nn_predict 
Execute       get_model_list mnist_nn_predict -filter all-wo-channel 
INFO-FLOW: Model list for configure: mnist_nn_predict
INFO-FLOW: Configuring Module : mnist_nn_predict ...
Execute       set_default_model mnist_nn_predict 
Execute       apply_spec_resource_limit mnist_nn_predict 
INFO-FLOW: Model list for preprocess: mnist_nn_predict
INFO-FLOW: Preprocessing Module: mnist_nn_predict ...
Execute       set_default_model mnist_nn_predict 
Execute       cdfg_preprocess -model mnist_nn_predict 
Execute       rtl_gen_preprocess mnist_nn_predict 
WARNING: [SYN 201-107] Renaming port name 'mnist_nn_predict/input' to 'mnist_nn_predict/input_r' to avoid the conflict with HDL keywords or other object names.
WARNING: [SYN 201-107] Renaming port name 'mnist_nn_predict/output' to 'mnist_nn_predict/output_r' to avoid the conflict with HDL keywords or other object names.
INFO-FLOW: Model list for synthesis: mnist_nn_predict
INFO: [HLS 200-10] ----------------------------------------------------------------
INFO: [HLS 200-42] -- Implementing module 'mnist_nn_predict' 
INFO: [HLS 200-10] ----------------------------------------------------------------
Execute       set_default_model mnist_nn_predict 
Execute       schedule -model mnist_nn_predict 
INFO: [SCHED 204-11] Starting scheduling ...
INFO: [SCHED 204-11] Finished scheduling.
Command       schedule done; 0.24 sec.
INFO: [HLS 200-111]  Elapsed time: 10.34 seconds; current allocated memory: 74.299 MB.
Execute       report -o /home/dy/Desktop/20210510/hls/mnist/solution1/.autopilot/db/mnist_nn_predict.verbose.sched.rpt -verbose -f 
INFO: [HLS 200-434] Only 0 loops out of a total 10 loops have been pipelined in this design.
Command       report done; 0.19 sec.
Execute       db_write -o /home/dy/Desktop/20210510/hls/mnist/solution1/.autopilot/db/mnist_nn_predict.sched.adb -f 
INFO-FLOW: Finish scheduling mnist_nn_predict.
Execute       set_default_model mnist_nn_predict 
Execute       bind -model mnist_nn_predict 
BIND OPTION: fu_weight=[ 0.0 -- 1.0 ]
BIND OPTION: model=mnist_nn_predict
BIND OPTION: reg_weight=[ 0.0 -- 1.0 ]
INFO: [BIND 205-100] Starting micro-architecture generation ...
INFO: [BIND 205-101] Performing variable lifetime analysis.
INFO: [BIND 205-101] Exploring resource sharing.
INFO: [BIND 205-101] Binding ...
INFO: [BIND 205-100] Finished micro-architecture generation.
INFO: [HLS 200-111]  Elapsed time: 0.28 seconds; current allocated memory: 75.322 MB.
Execute       report -o /home/dy/Desktop/20210510/hls/mnist/solution1/.autopilot/db/mnist_nn_predict.verbose.bind.rpt -verbose -f 
Command       report done; 0.3 sec.
Execute       db_write -o /home/dy/Desktop/20210510/hls/mnist/solution1/.autopilot/db/mnist_nn_predict.bind.adb -f 
INFO-FLOW: Finish binding mnist_nn_predict.
Execute       get_model_list mnist_nn_predict -filter all-wo-channel 
INFO-FLOW: Preprocessing for RTLGen ...
Execute       rtl_gen_preprocess mnist_nn_predict 
INFO-FLOW: Model list for RTL generation: mnist_nn_predict
INFO: [HLS 200-10] ----------------------------------------------------------------
INFO: [HLS 200-10] -- Generating RTL for module 'mnist_nn_predict' 
INFO: [HLS 200-10] ----------------------------------------------------------------
Execute       get_config_rtl -prefix 
Execute       get_config_rtl -auto_prefix 
Execute       create_rtl_model mnist_nn_predict -vendor xilinx -mg_file /home/dy/Desktop/20210510/hls/mnist/solution1/.autopilot/db/mnist_nn_predict.compgen.tcl 
INFO: [RTGEN 206-500] Setting interface mode on port 'mnist_nn_predict/input_r' to 'bram'.
INFO: [RTGEN 206-500] Setting interface mode on port 'mnist_nn_predict/output_r' to 'bram'.
INFO: [RTGEN 206-500] Setting interface mode on function 'mnist_nn_predict' to 's_axilite & ap_ctrl_hs'.
INFO: [RTGEN 206-100] Bundling port 'return' to AXI-Lite port CRTL_BUS.
WARNING: [RTGEN 206-101] Setting dangling out port 'mnist_nn_predict/input_r_WEN_A' to 0.
WARNING: [RTGEN 206-101] Setting dangling out port 'mnist_nn_predict/input_r_Din_A' to 0.
INFO: [RTGEN 206-100] Generating core module 'mnist_nn_predict_fadd_32ns_32ns_32_4_full_dsp_1': 1 instance(s).
INFO: [RTGEN 206-100] Generating core module 'mnist_nn_predict_fdiv_32ns_32ns_32_12_1': 1 instance(s).
INFO: [RTGEN 206-100] Generating core module 'mnist_nn_predict_fexp_32ns_32ns_32_8_full_dsp_1': 1 instance(s).
INFO: [RTGEN 206-100] Generating core module 'mnist_nn_predict_fmul_32ns_32ns_32_3_max_dsp_1': 1 instance(s).
INFO: [RTGEN 206-100] Finished creating RTL model for 'mnist_nn_predict'.
Command       create_rtl_model done; 0.18 sec.
INFO: [HLS 200-111]  Elapsed time: 0.5 seconds; current allocated memory: 77.423 MB.
Execute       source /home/dy/Desktop/20210510/hls/mnist/solution1/.autopilot/db/mnist_nn_predict.rtl_wrap.cfg.tcl 
Execute       gen_rtl mnist_nn_predict -istop -style xilinx -tracefl mytrace -tracefmt vcd -traceopt all -f -lang sc -o /home/dy/Desktop/20210510/hls/mnist/solution1/syn/systemc/mnist_nn_predict -synmodules mnist_nn_predict 
Execute       gen_rtl mnist_nn_predict -istop -style xilinx -f -lang vhdl -o /home/dy/Desktop/20210510/hls/mnist/solution1/syn/vhdl/mnist_nn_predict 
Command       gen_rtl done; 0.12 sec.
Execute       gen_rtl mnist_nn_predict -istop -style xilinx -f -lang vlog -o /home/dy/Desktop/20210510/hls/mnist/solution1/syn/verilog/mnist_nn_predict 
Execute       export_constraint_db -o /home/dy/Desktop/20210510/hls/mnist/solution1/.autopilot/db/mnist_nn_predict.constraint.tcl -f -tool general 
Execute       report -model mnist_nn_predict -o /home/dy/Desktop/20210510/hls/mnist/solution1/.autopilot/db/mnist_nn_predict.design.xml -verbose -f -dv 
Execute       report -model mnist_nn_predict -o /home/dy/Desktop/20210510/hls/mnist/solution1/.autopilot/db/mnist_nn_predict.sdaccel.xml -verbose -f -sdaccel 
Command       report done; 0.15 sec.
Execute       gen_tb_info mnist_nn_predict -o /home/dy/Desktop/20210510/hls/mnist/solution1/.autopilot/db/mnist_nn_predict -p /home/dy/Desktop/20210510/hls/mnist/solution1/.autopilot/db 
Execute       report -model mnist_nn_predict -o /home/dy/Desktop/20210510/hls/mnist/solution1/syn/report/mnist_nn_predict_csynth.rpt -f 
Execute       report -model mnist_nn_predict -o /home/dy/Desktop/20210510/hls/mnist/solution1/syn/report/mnist_nn_predict_csynth.xml -f -x 
Execute       report -model mnist_nn_predict -o /home/dy/Desktop/20210510/hls/mnist/solution1/.autopilot/db/mnist_nn_predict.verbose.rpt -verbose -f 
Command       report done; 0.31 sec.
Execute       db_write -model mnist_nn_predict -o /home/dy/Desktop/20210510/hls/mnist/solution1/.autopilot/db/mnist_nn_predict.adb -f 
Execute       sc_get_clocks mnist_nn_predict 
Execute       get_config_export -vivado_clock 
Execute       sc_get_portdomain mnist_nn_predict 
INFO-FLOW: Model list for RTL component generation: mnist_nn_predict
INFO-FLOW: Handling components in module [mnist_nn_predict] ... 
Execute       source /home/dy/Desktop/20210510/hls/mnist/solution1/.autopilot/db/mnist_nn_predict.compgen.tcl 
INFO-FLOW: Found component mnist_nn_predict_fadd_32ns_32ns_32_4_full_dsp_1.
INFO-FLOW: Append model mnist_nn_predict_fadd_32ns_32ns_32_4_full_dsp_1
INFO-FLOW: Found component mnist_nn_predict_fmul_32ns_32ns_32_3_max_dsp_1.
INFO-FLOW: Append model mnist_nn_predict_fmul_32ns_32ns_32_3_max_dsp_1
INFO-FLOW: Found component mnist_nn_predict_fdiv_32ns_32ns_32_12_1.
INFO-FLOW: Append model mnist_nn_predict_fdiv_32ns_32ns_32_12_1
INFO-FLOW: Found component mnist_nn_predict_fexp_32ns_32ns_32_8_full_dsp_1.
INFO-FLOW: Append model mnist_nn_predict_fexp_32ns_32ns_32_8_full_dsp_1
INFO-FLOW: Found component mnist_nn_predict_weight1.
INFO-FLOW: Append model mnist_nn_predict_weight1
INFO-FLOW: Found component mnist_nn_predict_bias1.
INFO-FLOW: Append model mnist_nn_predict_bias1
INFO-FLOW: Found component mnist_nn_predict_weight2.
INFO-FLOW: Append model mnist_nn_predict_weight2
INFO-FLOW: Found component mnist_nn_predict_bias2.
INFO-FLOW: Append model mnist_nn_predict_bias2
INFO-FLOW: Found component mnist_nn_predict_weight3.
INFO-FLOW: Append model mnist_nn_predict_weight3
INFO-FLOW: Found component mnist_nn_predict_bias3.
INFO-FLOW: Append model mnist_nn_predict_bias3
INFO-FLOW: Found component mnist_nn_predict_output1.
INFO-FLOW: Append model mnist_nn_predict_output1
INFO-FLOW: Found component mnist_nn_predict_output2.
INFO-FLOW: Append model mnist_nn_predict_output2
INFO-FLOW: Found component mnist_nn_predict_output3.
INFO-FLOW: Append model mnist_nn_predict_output3
INFO-FLOW: Found component mnist_nn_predict_CRTL_BUS_s_axi.
INFO-FLOW: Append model mnist_nn_predict_CRTL_BUS_s_axi
INFO-FLOW: Append model mnist_nn_predict
INFO-FLOW: Generating RTL model list ...
INFO-FLOW: All models in this session: mnist_nn_predict_fadd_32ns_32ns_32_4_full_dsp_1 mnist_nn_predict_fmul_32ns_32ns_32_3_max_dsp_1 mnist_nn_predict_fdiv_32ns_32ns_32_12_1 mnist_nn_predict_fexp_32ns_32ns_32_8_full_dsp_1 mnist_nn_predict_weight1 mnist_nn_predict_bias1 mnist_nn_predict_weight2 mnist_nn_predict_bias2 mnist_nn_predict_weight3 mnist_nn_predict_bias3 mnist_nn_predict_output1 mnist_nn_predict_output2 mnist_nn_predict_output3 mnist_nn_predict_CRTL_BUS_s_axi mnist_nn_predict
INFO-FLOW: To file: write model mnist_nn_predict_fadd_32ns_32ns_32_4_full_dsp_1
INFO-FLOW: To file: write model mnist_nn_predict_fmul_32ns_32ns_32_3_max_dsp_1
INFO-FLOW: To file: write model mnist_nn_predict_fdiv_32ns_32ns_32_12_1
INFO-FLOW: To file: write model mnist_nn_predict_fexp_32ns_32ns_32_8_full_dsp_1
INFO-FLOW: To file: write model mnist_nn_predict_weight1
INFO-FLOW: To file: write model mnist_nn_predict_bias1
INFO-FLOW: To file: write model mnist_nn_predict_weight2
INFO-FLOW: To file: write model mnist_nn_predict_bias2
INFO-FLOW: To file: write model mnist_nn_predict_weight3
INFO-FLOW: To file: write model mnist_nn_predict_bias3
INFO-FLOW: To file: write model mnist_nn_predict_output1
INFO-FLOW: To file: write model mnist_nn_predict_output2
INFO-FLOW: To file: write model mnist_nn_predict_output3
INFO-FLOW: To file: write model mnist_nn_predict_CRTL_BUS_s_axi
INFO-FLOW: To file: write model mnist_nn_predict
INFO-FLOW: Finished generating RTL model list.


INFO-FLOW: RTL Generation done.
INFO-FLOW: CAS Generation done.
INFO-FLOW: CBC Generation done.
INFO-FLOW: DBG:CMD: auto_generate_csynth_design
INFO-FLOW: DBG:CMD:     auto_generate --sim-model -phase csynth_design -d /home/dy/Desktop/20210510/hls/mnist/solution1
Execute       source /home/dy/Desktop/20210510/hls/mnist/solution1/.autopilot/db/global.setting.tcl 
INFO-FLOW: DBG:CMD: read_platform_lib /home/dy/Desktop/20210510/hls/mnist/solution1/.autopilot/db/global.setting.tcl
Execute       source /home/dy/vivado/Vivado/2018.3/common/technology/generic/autopilot/common.gen 
Execute         source /home/dy/vivado/Vivado/2018.3/common/technology/generic/autopilot/APCoreGen.gen 
Execute       source /home/dy/vivado/Vivado/2018.3/common/technology/generic/autopilot/op.gen 
Execute       source /home/dy/vivado/Vivado/2018.3/common/technology/generic/autopilot/op_simcore.gen 
Execute       source /home/dy/vivado/Vivado/2018.3/common/technology/generic/autopilot/interface.gen 
Execute       source /home/dy/Desktop/20210510/hls/mnist/solution1/.autopilot/db/global.setting.tcl 
Execute       source /home/dy/vivado/Vivado/2018.3/common/technology/xilinx/zynq/zynq.gen 
Execute         source /home/dy/vivado/Vivado/2018.3/common/technology/xilinx/common/virtex.gen 
Execute           source /home/dy/vivado/Vivado/2018.3/common/technology/xilinx/common/xilinx.gen 
Execute             source /home/dy/vivado/Vivado/2018.3/common/technology/xilinx/interface/plb46.gen 
Execute             source /home/dy/vivado/Vivado/2018.3/common/technology/xilinx/interface/fsl.gen 
Execute             source /home/dy/vivado/Vivado/2018.3/common/technology/xilinx/interface/axi4.gen 
Execute             source /home/dy/vivado/Vivado/2018.3/common/technology/xilinx/interface/nativeAXI4.gen 
Execute               source /home/dy/vivado/Vivado/2018.3/common/technology/xilinx/interface/saxilite.gen 
Execute               source /home/dy/vivado/Vivado/2018.3/common/technology/xilinx/interface/maxi.gen 
Execute             source /home/dy/vivado/Vivado/2018.3/common/technology/xilinx/scripts/xilinxcoregen.gen 
Execute             source /home/dy/vivado/Vivado/2018.3/common/technology/xilinx/interface/XilEDKCoreGen.gen 
Execute             source /home/dy/vivado/Vivado/2018.3/common/technology/xilinx/ip/dds_compiler.gen 
Execute             source /home/dy/vivado/Vivado/2018.3/common/technology/xilinx/ip/util.gen 
Execute             source /home/dy/vivado/Vivado/2018.3/common/technology/xilinx/ip/xfft.gen 
Execute             source /home/dy/vivado/Vivado/2018.3/common/technology/xilinx/ip/xfir.gen 
Execute           source /home/dy/vivado/Vivado/2018.3/common/technology/xilinx/common/dsp48.gen 
Command         ap_source done; 0.11 sec.
Command       ap_source done; 0.11 sec.
Execute       source /home/dy/vivado/Vivado/2018.3/common/technology/xilinx/zynq/zynq_fpv6.gen 
Execute         source /home/dy/vivado/Vivado/2018.3/common/technology/xilinx/common/xilinx_fpv6.gen 
INFO-FLOW: DBG:CMD:   using AESL_AUTOCG::g_clock_period=10.000 (was NA)
INFO-FLOW: DBG:CMD:       generate_ip_cores sim=1 export=0 expOnly=0 dstVlogDir=syn/verilog
Execute       source /home/dy/Desktop/20210510/hls/mnist/solution1/.autopilot/db/global.setting.tcl 
Execute       source /home/dy/Desktop/20210510/hls/mnist/solution1/.autopilot/db/global.setting.tcl 
Execute       source /home/dy/Desktop/20210510/hls/mnist/solution1/.autopilot/db/global.setting.tcl 
Execute       source /home/dy/Desktop/20210510/hls/mnist/solution1/.autopilot/db/mnist_nn_predict.compgen.tcl 
INFO: [RTMG 210-279] Implementing memory 'mnist_nn_predict_weight1_rom' using auto ROMs.
INFO: [RTMG 210-279] Implementing memory 'mnist_nn_predict_bias1_rom' using auto ROMs.
INFO: [RTMG 210-279] Implementing memory 'mnist_nn_predict_weight2_rom' using auto ROMs.
INFO: [RTMG 210-279] Implementing memory 'mnist_nn_predict_bias2_rom' using auto ROMs.
INFO: [RTMG 210-279] Implementing memory 'mnist_nn_predict_weight3_rom' using auto ROMs.
INFO: [RTMG 210-279] Implementing memory 'mnist_nn_predict_bias3_rom' using distributed ROMs.
INFO: [RTMG 210-278] Implementing memory 'mnist_nn_predict_output1_ram (RAM)' using block RAMs.
INFO: [RTMG 210-278] Implementing memory 'mnist_nn_predict_output2_ram (RAM)' using block RAMs.
INFO: [RTMG 210-278] Implementing memory 'mnist_nn_predict_output3_ram (RAM)' using distributed RAMs.
Execute         source ./CRTL_BUS.slave.tcl 
Execute         is_m_axi_addr64 
Command       ap_source done; 4.45 sec.
INFO-FLOW: DBG:CMD:     auto_generate -export -impltomg_flag -rtl both -tool Vivado -pcore_version 1.00.a -phase csynth_design -d /home/dy/Desktop/20210510/hls/mnist/solution1
Execute       source /home/dy/Desktop/20210510/hls/mnist/solution1/.autopilot/db/global.setting.tcl 
INFO-FLOW: DBG:CMD: read_platform_lib /home/dy/Desktop/20210510/hls/mnist/solution1/.autopilot/db/global.setting.tcl
Execute       source /home/dy/vivado/Vivado/2018.3/common/technology/generic/autopilot/common.gen 
Execute         source /home/dy/vivado/Vivado/2018.3/common/technology/generic/autopilot/APCoreGen.gen 
Execute       source /home/dy/vivado/Vivado/2018.3/common/technology/generic/autopilot/op.gen 
Execute       source /home/dy/vivado/Vivado/2018.3/common/technology/generic/autopilot/op_simcore.gen 
Execute       source /home/dy/vivado/Vivado/2018.3/common/technology/generic/autopilot/interface.gen 
Execute       source /home/dy/Desktop/20210510/hls/mnist/solution1/.autopilot/db/global.setting.tcl 
Execute       source /home/dy/vivado/Vivado/2018.3/common/technology/xilinx/zynq/zynq.gen 
Execute         source /home/dy/vivado/Vivado/2018.3/common/technology/xilinx/common/virtex.gen 
Execute           source /home/dy/vivado/Vivado/2018.3/common/technology/xilinx/common/xilinx.gen 
Execute             source /home/dy/vivado/Vivado/2018.3/common/technology/xilinx/interface/plb46.gen 
Execute             source /home/dy/vivado/Vivado/2018.3/common/technology/xilinx/interface/fsl.gen 
Execute             source /home/dy/vivado/Vivado/2018.3/common/technology/xilinx/interface/axi4.gen 
Execute             source /home/dy/vivado/Vivado/2018.3/common/technology/xilinx/interface/nativeAXI4.gen 
Execute               source /home/dy/vivado/Vivado/2018.3/common/technology/xilinx/interface/saxilite.gen 
Execute               source /home/dy/vivado/Vivado/2018.3/common/technology/xilinx/interface/maxi.gen 
Execute             source /home/dy/vivado/Vivado/2018.3/common/technology/xilinx/scripts/xilinxcoregen.gen 
Execute             source /home/dy/vivado/Vivado/2018.3/common/technology/xilinx/interface/XilEDKCoreGen.gen 
Execute             source /home/dy/vivado/Vivado/2018.3/common/technology/xilinx/ip/dds_compiler.gen 
Execute             source /home/dy/vivado/Vivado/2018.3/common/technology/xilinx/ip/util.gen 
Execute             source /home/dy/vivado/Vivado/2018.3/common/technology/xilinx/ip/xfft.gen 
Execute             source /home/dy/vivado/Vivado/2018.3/common/technology/xilinx/ip/xfir.gen 
Command           ap_source done; 0.12 sec.
Execute           source /home/dy/vivado/Vivado/2018.3/common/technology/xilinx/common/dsp48.gen 
Command         ap_source done; 0.12 sec.
Command       ap_source done; 0.12 sec.
Execute       source /home/dy/vivado/Vivado/2018.3/common/technology/xilinx/zynq/zynq_fpv6.gen 
Execute         source /home/dy/vivado/Vivado/2018.3/common/technology/xilinx/common/xilinx_fpv6.gen 
INFO-FLOW: DBG:CMD:       initCTypeInfo top_module=mnist_nn_predict xml_exists=0
Execute       source /home/dy/Desktop/20210510/hls/mnist/solution1/.autopilot/db/mnist_nn_predict.rtl_wrap.cfg.tcl 
Execute       source /home/dy/Desktop/20210510/hls/mnist/solution1/.autopilot/db/mnist_nn_predict.rtl_wrap.cfg.tcl 
Execute       source /home/dy/Desktop/20210510/hls/mnist/solution1/.autopilot/db/mnist_nn_predict.rtl_wrap.cfg.tcl 
Execute       source /home/dy/Desktop/20210510/hls/mnist/solution1/.autopilot/db/mnist_nn_predict.tbgen.tcl 
Execute       source /home/dy/Desktop/20210510/hls/mnist/solution1/.autopilot/db/mnist_nn_predict.tbgen.tcl 
INFO-FLOW: DBG:CMD:       export_impl_rtl
INFO-FLOW: DBG:CMD:       generate_ip_cores sim=0 export=0 expOnly=0 dstVlogDir=impl/.verilog
Execute       source /home/dy/Desktop/20210510/hls/mnist/solution1/.autopilot/db/global.setting.tcl 
Execute       source /home/dy/Desktop/20210510/hls/mnist/solution1/.autopilot/db/mnist_nn_predict.compgen.tcl 
INFO-FLOW: DBG:CMD:       generate_ip_cores sim=0 export=1 expOnly=1 dstVlogDir=impl/.pcores/verilog
Execute       source /home/dy/Desktop/20210510/hls/mnist/solution1/.autopilot/db/global.setting.tcl 
Execute       source /home/dy/Desktop/20210510/hls/mnist/solution1/.autopilot/db/mnist_nn_predict.compgen.tcl 
INFO-FLOW: DBG:CMD:       generate_ip_cores sim=0 export=0 expOnly=0 dstVlogDir=impl/.pcores/verilog_sim
Execute       source /home/dy/Desktop/20210510/hls/mnist/solution1/.autopilot/db/global.setting.tcl 
Execute       source /home/dy/Desktop/20210510/hls/mnist/solution1/.autopilot/db/mnist_nn_predict.compgen.tcl 
Execute       source /home/dy/Desktop/20210510/hls/mnist/solution1/.autopilot/db/global.setting.tcl 
Execute       source /home/dy/Desktop/20210510/hls/mnist/solution1/.autopilot/db/mnist_nn_predict.constraint.tcl 
Execute       source /home/dy/Desktop/20210510/hls/mnist/solution1/.autopilot/db/mnist_nn_predict.tbgen.tcl 
INFO-FLOW: DBG:CMD:       hasPcoreIpAdapter=false #gSsdmPorts=0
INFO-FLOW: DBG:CMD: Skipping loadAnalyze_DB, #g_database=2
INFO-FLOW: DBG:CMD:       generate_json is_phase_csynth=1 g_has_adaptors=false generate_bd_files=0 #modelList=15 #gSsdmPorts=0
Execute       source /home/dy/Desktop/20210510/hls/mnist/solution1/.autopilot/db/global.setting.tcl 
Execute       source /home/dy/Desktop/20210510/hls/mnist/solution1/.autopilot/db/global.setting.tcl 
Execute       source /home/dy/Desktop/20210510/hls/mnist/solution1/.autopilot/db/mnist_nn_predict.tbgen.tcl 
Execute       source /home/dy/Desktop/20210510/hls/mnist/solution1/.autopilot/db/mnist_nn_predict.tbgen.tcl 
Execute       source /home/dy/Desktop/20210510/hls/mnist/solution1/.autopilot/db/global.setting.tcl 
Execute       get_config_sdx -target 
Execute       get_config_export -xo 
Execute       source /home/dy/Desktop/20210510/hls/mnist/solution1/.autopilot/db/global.setting.tcl 
Execute       source /home/dy/Desktop/20210510/hls/mnist/solution1/.autopilot/db/mnist_nn_predict.constraint.tcl 
Execute       sc_get_clocks mnist_nn_predict 
Execute       source /home/dy/Desktop/20210510/hls/mnist/solution1/.autopilot/db/global.setting.tcl 
Execute       source /home/dy/Desktop/20210510/hls/mnist/solution1/impl/misc/mnist_nn_predict_ap_fadd_2_full_dsp_32_ip.tcl 
Execute       source /home/dy/Desktop/20210510/hls/mnist/solution1/impl/misc/mnist_nn_predict_ap_fdiv_10_no_dsp_32_ip.tcl 
Execute       source /home/dy/Desktop/20210510/hls/mnist/solution1/impl/misc/mnist_nn_predict_ap_fexp_6_full_dsp_32_ip.tcl 
Execute       source /home/dy/Desktop/20210510/hls/mnist/solution1/impl/misc/mnist_nn_predict_ap_fmul_1_max_dsp_32_ip.tcl 
Execute       get_config_sdx -target 
Execute       get_config_sdx -profile 
Execute       ::config_rtl 
INFO-FLOW: DBG:CMD: add_json_sdx_info kernel file does not exist: /home/dy/Desktop/20210510/hls/mnist/solution1/.autopilot/db/kernel.internal.xml
INFO-FLOW: DBG:CMD:       delete-temp-dirs (skipped for debug)
INFO: [HLS 200-111] Finished generating all RTL models Time (s): cpu = 00:00:16 ; elapsed = 00:00:17 . Memory (MB): peak = 581.457 ; gain = 146.500 ; free physical = 122 ; free virtual = 1565
INFO: [SYSC 207-301] Generating SystemC RTL for mnist_nn_predict.
INFO: [VHDL 208-304] Generating VHDL RTL for mnist_nn_predict.
INFO: [VLOG 209-307] Generating Verilog RTL for mnist_nn_predict.
Command     autosyn done; 7.31 sec.
Execute     get_part 
Execute     get_config_export -sdx_tcl 
Command   csynth_design done; 16.83 sec.
Command ap_source done; 17.12 sec.
Execute cleanup_all 
INFO-FLOW: Workspace /home/dy/Desktop/20210510/hls/mnist/solution1 opened at Mon May 10 08:06:20 CST 2021
Execute     config_clock -quiet -name default -period 10 -default=false 
INFO: [SYN 201-201] Setting up clock 'default' with a period of 10ns.
Execute     open_platform DefaultPlatform 
Execute     import_lib /home/dy/vivado/Vivado/2018.3/common/technology/xilinx/zynq/zynq 
Execute       source /home/dy/vivado/Vivado/2018.3/common/technology/xilinx/common/xilinx.lib 
Execute         source /home/dy/vivado/Vivado/2018.3/common/technology/xilinx/interface/xilinx_interface.lib 
Execute           source /home/dy/vivado/Vivado/2018.3/common/technology/xilinx/interface/plb46.lib 
Execute           source /home/dy/vivado/Vivado/2018.3/common/technology/xilinx/interface/fsl.lib 
Execute           source /home/dy/vivado/Vivado/2018.3/common/technology/xilinx/interface/axi4.lib 
Execute           source /home/dy/vivado/Vivado/2018.3/common/technology/xilinx/interface/maxi.lib 
Execute           source /home/dy/vivado/Vivado/2018.3/common/technology/xilinx/interface/saxilite.lib 
Execute         source /home/dy/vivado/Vivado/2018.3/common/technology/xilinx/common/dsp48.lib 
Execute         source /home/dy/vivado/Vivado/2018.3/common/technology/xilinx/ip/xfir.lib 
Execute         source /home/dy/vivado/Vivado/2018.3/common/technology/xilinx/ip/xfft.lib 
Execute         source /home/dy/vivado/Vivado/2018.3/common/technology/xilinx/ip/dds_compiler.lib 
Execute       source /home/dy/vivado/Vivado/2018.3/common/technology/xilinx/common/xilinx_old.lib 
Execute       source /home/dy/vivado/Vivado/2018.3/common/technology/xilinx/common/xilinx_vivado.lib 
Execute       source /home/dy/vivado/Vivado/2018.3/common/technology/xilinx/common/xilinx.hlp 
Execute         source /home/dy/vivado/Vivado/2018.3/common/technology/xilinx/common/target_info.tcl 
Execute         source /home/dy/vivado/Vivado/2018.3/common/technology/xilinx/interface/xilinx_interface.hlp 
Execute           source /home/dy/vivado/Vivado/2018.3/common/technology/xilinx/interface/maxi.hlp 
Execute           source /home/dy/vivado/Vivado/2018.3/common/technology/xilinx/interface/saxilite.hlp 
Execute         source /home/dy/vivado/Vivado/2018.3/common/technology/xilinx/common/dsp48.hlp 
Execute       source /home/dy/vivado/Vivado/2018.3/common/technology/xilinx/zynq/dsp48e1.hlp 
Execute       get_default_platform 
Execute       config_chip_info -quiet -resource  {SLICE 13300}  {LUT 53200}     {FF 106400} {DSP48E 220}   {BRAM 280}  
Execute       config_chip_info -quiet -speed medium 
Execute       source /home/dy/vivado/Vivado/2018.3/common/technology/xilinx/common/xilinx.hlp 
Execute         source /home/dy/vivado/Vivado/2018.3/common/technology/xilinx/common/target_info.tcl 
Execute         source /home/dy/vivado/Vivado/2018.3/common/technology/xilinx/interface/xilinx_interface.hlp 
Execute           source /home/dy/vivado/Vivado/2018.3/common/technology/xilinx/interface/maxi.hlp 
Execute           source /home/dy/vivado/Vivado/2018.3/common/technology/xilinx/interface/saxilite.hlp 
Execute         source /home/dy/vivado/Vivado/2018.3/common/technology/xilinx/common/dsp48.hlp 
Execute     source /home/dy/vivado/Vivado/2018.3/common/technology/xilinx/zynq/zynq.gen 
Execute       source /home/dy/vivado/Vivado/2018.3/common/technology/xilinx/common/virtex.gen 
Execute         source /home/dy/vivado/Vivado/2018.3/common/technology/xilinx/common/xilinx.gen 
Execute           source /home/dy/vivado/Vivado/2018.3/common/technology/xilinx/interface/plb46.gen 
Execute           source /home/dy/vivado/Vivado/2018.3/common/technology/xilinx/interface/fsl.gen 
Execute           source /home/dy/vivado/Vivado/2018.3/common/technology/xilinx/interface/axi4.gen 
Execute           source /home/dy/vivado/Vivado/2018.3/common/technology/xilinx/interface/nativeAXI4.gen 
Execute             source /home/dy/vivado/Vivado/2018.3/common/technology/xilinx/interface/saxilite.gen 
Execute             source /home/dy/vivado/Vivado/2018.3/common/technology/xilinx/interface/maxi.gen 
Execute           source /home/dy/vivado/Vivado/2018.3/common/technology/xilinx/scripts/xilinxcoregen.gen 
Execute           source /home/dy/vivado/Vivado/2018.3/common/technology/xilinx/interface/XilEDKCoreGen.gen 
Execute           source /home/dy/vivado/Vivado/2018.3/common/technology/xilinx/ip/dds_compiler.gen 
Execute           source /home/dy/vivado/Vivado/2018.3/common/technology/xilinx/ip/util.gen 
Execute           source /home/dy/vivado/Vivado/2018.3/common/technology/xilinx/ip/xfft.gen 
Execute           source /home/dy/vivado/Vivado/2018.3/common/technology/xilinx/ip/xfir.gen 
Command         ap_source done; 0.11 sec.
Execute         source /home/dy/vivado/Vivado/2018.3/common/technology/xilinx/common/dsp48.gen 
Command       ap_source done; 0.11 sec.
Command     ap_source done; 0.11 sec.
Execute     open_platform DefaultPlatform 
Execute     import_lib /home/dy/vivado/Vivado/2018.3/common/technology/xilinx/zynq/zynq_fpv6 
Execute       source /home/dy/vivado/Vivado/2018.3/common/technology/xilinx/common/xilinx_fpv7.lib 
Execute         source /home/dy/vivado/Vivado/2018.3/common/technology/xilinx/common/xilinx_hp.lib 
Execute       source /home/dy/vivado/Vivado/2018.3/common/technology/xilinx/common/xilinx_fpv.hlp 
Execute         source /home/dy/vivado/Vivado/2018.3/common/technology/xilinx/common/xilinx.hlp 
Execute           source /home/dy/vivado/Vivado/2018.3/common/technology/xilinx/common/target_info.tcl 
Execute           source /home/dy/vivado/Vivado/2018.3/common/technology/xilinx/interface/xilinx_interface.hlp 
Execute             source /home/dy/vivado/Vivado/2018.3/common/technology/xilinx/interface/maxi.hlp 
Execute             source /home/dy/vivado/Vivado/2018.3/common/technology/xilinx/interface/saxilite.hlp 
Execute           source /home/dy/vivado/Vivado/2018.3/common/technology/xilinx/common/dsp48.hlp 
Execute       source /home/dy/vivado/Vivado/2018.3/common/technology/xilinx/zynq/zynq_hp.hlp 
Execute     source /home/dy/vivado/Vivado/2018.3/common/technology/xilinx/zynq/zynq_fpv6.gen 
Execute       source /home/dy/vivado/Vivado/2018.3/common/technology/xilinx/common/xilinx_fpv6.gen 
Execute     set_part xc7z020clg400-2 
Execute       add_library xilinx/zynq/zynq:xc7z020:clg400:-2 
Execute         get_default_platform 
Execute         license_isbetapart xc7z020 
Command         license_isbetapart done; error code: 1; 
Execute         get_default_platform 
Execute         config_chip_info -quiet -resource  {SLICE 13300}  {LUT 53200}     {FF 106400} {DSP48E 220}   {BRAM 280}  
Execute         config_chip_info -quiet -speed medium 
Execute       add_library xilinx/zynq/zynq_fpv6 
Execute         get_default_platform 
INFO: [HLS 200-10] Setting target device to 'xc7z020clg400-2'
Execute       get_default_platform 
Execute     get_default_platform 
Execute     config_chip_info -quiet -resource  {SLICE 13300}  {LUT 53200}     {FF 106400} {DSP48E 220}   {BRAM 280}  
Execute     config_chip_info -quiet -speed medium 
Command   open_solution done; 0.22 sec.
Execute   export_design -rtl verilog -format ip_catalog 
Execute     get_config_export -acc 
Execute     get_config_export -clock_margin 
Execute     get_config_export -custom_script 
Execute     get_config_export -description 
Execute     get_config_export -display_name 
Execute     get_config_export -driver_input_dir 
Execute     get_config_export -ipname 
Execute     get_config_export -kernel_drc 
Execute     get_config_export -library 
Execute     get_config_export -qor_test 
Execute     get_config_export -sdaccel 
Execute     get_config_export -sim 
Execute     get_config_export -taxonomy 
Execute     get_config_export -use_ip 
Execute     get_config_export -use_netlist 
Execute     get_config_export -vendor 
Execute     get_config_export -version 
Execute     get_config_export -xo 
Execute     config_export -format=ip_catalog -rtl=verilog 
INFO-FLOW: DBG:CMD: export_design_wrap: -format ip_catalog -rtl verilog
Execute     source /home/dy/Desktop/20210510/hls/mnist/solution1/.autopilot/db/global.setting.tcl 
Execute     get_config_export -vivado_clock 
Execute     get_top 
Execute     get_config_sdx -target 
Execute     get_config_rtl -auto_prefix 
Execute     get_config_sdx -target 
INFO-FLOW: DBG:CMD:   auto_impl: pack: -export -tool vivado -rtl verilog -sdx-target none
Execute     source /home/dy/Desktop/20210510/hls/mnist/solution1/.autopilot/db/global.setting.tcl 
INFO-FLOW: DBG:CMD: read_platform_lib /home/dy/Desktop/20210510/hls/mnist/solution1/.autopilot/db/global.setting.tcl
Execute     source /home/dy/vivado/Vivado/2018.3/common/technology/generic/autopilot/common.gen 
Execute       source /home/dy/vivado/Vivado/2018.3/common/technology/generic/autopilot/APCoreGen.gen 
Execute     source /home/dy/vivado/Vivado/2018.3/common/technology/generic/autopilot/op.gen 
Execute     source /home/dy/vivado/Vivado/2018.3/common/technology/generic/autopilot/op_simcore.gen 
Execute     source /home/dy/vivado/Vivado/2018.3/common/technology/generic/autopilot/interface.gen 
Execute     source /home/dy/Desktop/20210510/hls/mnist/solution1/.autopilot/db/global.setting.tcl 
Execute     source /home/dy/vivado/Vivado/2018.3/common/technology/xilinx/zynq/zynq.gen 
Execute       source /home/dy/vivado/Vivado/2018.3/common/technology/xilinx/common/virtex.gen 
Execute         source /home/dy/vivado/Vivado/2018.3/common/technology/xilinx/common/xilinx.gen 
Execute           source /home/dy/vivado/Vivado/2018.3/common/technology/xilinx/interface/plb46.gen 
Execute           source /home/dy/vivado/Vivado/2018.3/common/technology/xilinx/interface/fsl.gen 
Execute           source /home/dy/vivado/Vivado/2018.3/common/technology/xilinx/interface/axi4.gen 
Execute           source /home/dy/vivado/Vivado/2018.3/common/technology/xilinx/interface/nativeAXI4.gen 
Execute             source /home/dy/vivado/Vivado/2018.3/common/technology/xilinx/interface/saxilite.gen 
Execute             source /home/dy/vivado/Vivado/2018.3/common/technology/xilinx/interface/maxi.gen 
Execute           source /home/dy/vivado/Vivado/2018.3/common/technology/xilinx/scripts/xilinxcoregen.gen 
Execute           source /home/dy/vivado/Vivado/2018.3/common/technology/xilinx/interface/XilEDKCoreGen.gen 
Execute           source /home/dy/vivado/Vivado/2018.3/common/technology/xilinx/ip/dds_compiler.gen 
Execute           source /home/dy/vivado/Vivado/2018.3/common/technology/xilinx/ip/util.gen 
Execute           source /home/dy/vivado/Vivado/2018.3/common/technology/xilinx/ip/xfft.gen 
Execute           source /home/dy/vivado/Vivado/2018.3/common/technology/xilinx/ip/xfir.gen 
Execute         source /home/dy/vivado/Vivado/2018.3/common/technology/xilinx/common/dsp48.gen 
Execute     source /home/dy/vivado/Vivado/2018.3/common/technology/xilinx/zynq/zynq_fpv6.gen 
Execute       source /home/dy/vivado/Vivado/2018.3/common/technology/xilinx/common/xilinx_fpv6.gen 
INFO-FLOW: DBG:CMD:   using AESL_AUTOCG::g_clock_period=10.000 (was NA)
Execute     source /home/dy/Desktop/20210510/hls/mnist/solution1/.autopilot/db/global.setting.tcl 
INFO: [IMPL 213-8] Exporting RTL as a Vivado IP.
Execute     source /home/dy/Desktop/20210510/hls/mnist/solution1/.autopilot/db/global.setting.tcl 
INFO-FLOW: DBG:CMD: automg_wrap -export -pcore_version 1.00.a -rtl vlog -sdx-target none -tool Vivado -impltomg_flag
INFO-FLOW: DBG:CMD:     auto_generate -export -pcore_version 1.00.a -rtl vlog -sdx-target none -tool Vivado -impltomg_flag
Execute     source /home/dy/Desktop/20210510/hls/mnist/solution1/.autopilot/db/global.setting.tcl 
INFO-FLOW: DBG:CMD: read_platform_lib /home/dy/Desktop/20210510/hls/mnist/solution1/.autopilot/db/global.setting.tcl
Execute     source /home/dy/vivado/Vivado/2018.3/common/technology/generic/autopilot/common.gen 
Execute       source /home/dy/vivado/Vivado/2018.3/common/technology/generic/autopilot/APCoreGen.gen 
Execute     source /home/dy/vivado/Vivado/2018.3/common/technology/generic/autopilot/op.gen 
Execute     source /home/dy/vivado/Vivado/2018.3/common/technology/generic/autopilot/op_simcore.gen 
Execute     source /home/dy/vivado/Vivado/2018.3/common/technology/generic/autopilot/interface.gen 
Execute     source /home/dy/Desktop/20210510/hls/mnist/solution1/.autopilot/db/global.setting.tcl 
Execute     source /home/dy/vivado/Vivado/2018.3/common/technology/xilinx/zynq/zynq.gen 
Execute       source /home/dy/vivado/Vivado/2018.3/common/technology/xilinx/common/virtex.gen 
Execute         source /home/dy/vivado/Vivado/2018.3/common/technology/xilinx/common/xilinx.gen 
Execute           source /home/dy/vivado/Vivado/2018.3/common/technology/xilinx/interface/plb46.gen 
Execute           source /home/dy/vivado/Vivado/2018.3/common/technology/xilinx/interface/fsl.gen 
Execute           source /home/dy/vivado/Vivado/2018.3/common/technology/xilinx/interface/axi4.gen 
Execute           source /home/dy/vivado/Vivado/2018.3/common/technology/xilinx/interface/nativeAXI4.gen 
Execute             source /home/dy/vivado/Vivado/2018.3/common/technology/xilinx/interface/saxilite.gen 
Execute             source /home/dy/vivado/Vivado/2018.3/common/technology/xilinx/interface/maxi.gen 
Execute           source /home/dy/vivado/Vivado/2018.3/common/technology/xilinx/scripts/xilinxcoregen.gen 
Execute           source /home/dy/vivado/Vivado/2018.3/common/technology/xilinx/interface/XilEDKCoreGen.gen 
Execute           source /home/dy/vivado/Vivado/2018.3/common/technology/xilinx/ip/dds_compiler.gen 
Execute           source /home/dy/vivado/Vivado/2018.3/common/technology/xilinx/ip/util.gen 
Execute           source /home/dy/vivado/Vivado/2018.3/common/technology/xilinx/ip/xfft.gen 
Execute           source /home/dy/vivado/Vivado/2018.3/common/technology/xilinx/ip/xfir.gen 
Execute         source /home/dy/vivado/Vivado/2018.3/common/technology/xilinx/common/dsp48.gen 
Execute     source /home/dy/vivado/Vivado/2018.3/common/technology/xilinx/zynq/zynq_fpv6.gen 
Execute       source /home/dy/vivado/Vivado/2018.3/common/technology/xilinx/common/xilinx_fpv6.gen 
INFO-FLOW: DBG:CMD:       initCTypeInfo top_module=mnist_nn_predict xml_exists=1
Execute     source /home/dy/Desktop/20210510/hls/mnist/solution1/.autopilot/db/mnist_nn_predict.rtl_wrap.cfg.tcl 
Execute     source /home/dy/Desktop/20210510/hls/mnist/solution1/.autopilot/db/mnist_nn_predict.rtl_wrap.cfg.tcl 
Execute     source /home/dy/Desktop/20210510/hls/mnist/solution1/.autopilot/db/mnist_nn_predict.rtl_wrap.cfg.tcl 
Execute     source /home/dy/Desktop/20210510/hls/mnist/solution1/.autopilot/db/mnist_nn_predict.tbgen.tcl 
Execute     source /home/dy/Desktop/20210510/hls/mnist/solution1/.autopilot/db/mnist_nn_predict.tbgen.tcl 
INFO-FLOW: DBG:CMD:       export_impl_rtl
INFO-FLOW: DBG:CMD:       generate_ip_cores sim=0 export=0 expOnly=0 dstVlogDir=impl/.verilog
Execute     source /home/dy/Desktop/20210510/hls/mnist/solution1/.autopilot/db/global.setting.tcl 
Execute     source /home/dy/Desktop/20210510/hls/mnist/solution1/.autopilot/db/mnist_nn_predict.compgen.tcl 
INFO-FLOW: DBG:CMD:       generate_ip_cores sim=0 export=1 expOnly=1 dstVlogDir=impl/.pcores/verilog
Execute     source /home/dy/Desktop/20210510/hls/mnist/solution1/.autopilot/db/global.setting.tcl 
Execute     source /home/dy/Desktop/20210510/hls/mnist/solution1/.autopilot/db/mnist_nn_predict.compgen.tcl 
INFO-FLOW: DBG:CMD:       generate_ip_cores sim=0 export=0 expOnly=0 dstVlogDir=impl/.pcores/verilog_sim
Execute     source /home/dy/Desktop/20210510/hls/mnist/solution1/.autopilot/db/global.setting.tcl 
Execute     source /home/dy/Desktop/20210510/hls/mnist/solution1/.autopilot/db/mnist_nn_predict.compgen.tcl 
Execute     source /home/dy/Desktop/20210510/hls/mnist/solution1/.autopilot/db/global.setting.tcl 
Execute     source /home/dy/Desktop/20210510/hls/mnist/solution1/.autopilot/db/mnist_nn_predict.constraint.tcl 
Execute     source /home/dy/Desktop/20210510/hls/mnist/solution1/.autopilot/db/mnist_nn_predict.tbgen.tcl 
INFO-FLOW: DBG:CMD:       hasPcoreIpAdapter=false #gSsdmPorts=0
INFO-FLOW: DBG:CMD:       copy ip_driver_dir 1_0 /home/dy/Desktop/20210510/hls/mnist/solution1/.autopilot/db/driver
INFO-FLOW: DBG:CMD:       generate_ip_script #gSsdmPorts=0
Execute     source /home/dy/Desktop/20210510/hls/mnist/solution1/.autopilot/db/mnist_nn_predict.tbgen.tcl 
Execute     source /home/dy/Desktop/20210510/hls/mnist/solution1/.autopilot/db/mnist_nn_predict.tbgen.tcl 
Execute     source /home/dy/Desktop/20210510/hls/mnist/solution1/.autopilot/db/global.setting.tcl 
Execute     get_config_sdx -target 
INFO-FLOW: DBG:CMD:       generate_ip_auxiliary
Execute     source /home/dy/Desktop/20210510/hls/mnist/solution1/.autopilot/db/global.setting.tcl 
INFO-FLOW: DBG:CMD:       prepArgInfo -> loadAnalyze_DB top_module=mnist_nn_predict
Execute     source /home/dy/Desktop/20210510/hls/mnist/solution1/.autopilot/db/mnist_nn_predict.rtl_wrap.cfg.tcl 
Execute     source /home/dy/Desktop/20210510/hls/mnist/solution1/.autopilot/db/mnist_nn_predict.rtl_wrap.cfg.tcl 
Execute     source /home/dy/Desktop/20210510/hls/mnist/solution1/.autopilot/db/mnist_nn_predict.rtl_wrap.cfg.tcl 
Execute     source /home/dy/Desktop/20210510/hls/mnist/solution1/.autopilot/db/mnist_nn_predict.tbgen.tcl 
Execute     source /home/dy/Desktop/20210510/hls/mnist/solution1/.autopilot/db/mnist_nn_predict.tbgen.tcl 
Execute     source /home/dy/Desktop/20210510/hls/mnist/solution1/.autopilot/db/mnist_nn_predict.tbgen.tcl 
INFO-FLOW: DBG:CMD:       generate_top_info
INFO-FLOW: DBG:CMD:       prepArgInfo -> loadAnalyze_DB top_module=mnist_nn_predict
Execute     source /home/dy/Desktop/20210510/hls/mnist/solution1/.autopilot/db/mnist_nn_predict.rtl_wrap.cfg.tcl 
Execute     source /home/dy/Desktop/20210510/hls/mnist/solution1/.autopilot/db/mnist_nn_predict.rtl_wrap.cfg.tcl 
Execute     source /home/dy/Desktop/20210510/hls/mnist/solution1/.autopilot/db/mnist_nn_predict.rtl_wrap.cfg.tcl 
Execute     source /home/dy/Desktop/20210510/hls/mnist/solution1/.autopilot/db/mnist_nn_predict.tbgen.tcl 
Execute     source /home/dy/Desktop/20210510/hls/mnist/solution1/.autopilot/db/mnist_nn_predict.tbgen.tcl 
Execute     source /home/dy/Desktop/20210510/hls/mnist/solution1/.autopilot/db/global.setting.tcl 
Execute     source /home/dy/Desktop/20210510/hls/mnist/solution1/.autopilot/db/mnist_nn_predict.tbgen.tcl 
Execute     source /home/dy/Desktop/20210510/hls/mnist/solution1/.autopilot/db/global.setting.tcl 
Execute     source /home/dy/Desktop/20210510/hls/mnist/solution1/.autopilot/db/mnist_nn_predict.constraint.tcl 
INFO-FLOW: DBG:CMD:       generate_ipi_example_script
INFO-FLOW: DBG:CMD:       generate_syn_sh
Execute     source /home/dy/Desktop/20210510/hls/mnist/solution1/.autopilot/db/global.setting.tcl 
Execute     source /home/dy/Desktop/20210510/hls/mnist/solution1/.autopilot/db/global.setting.tcl 
INFO-FLOW: DBG:CMD:       generate_imp_constraints
Execute     source /home/dy/Desktop/20210510/hls/mnist/solution1/.autopilot/db/mnist_nn_predict.constraint.tcl 
Execute     source /home/dy/Desktop/20210510/hls/mnist/solution1/.autopilot/db/mnist_nn_predict.tbgen.tcl 
Execute     source /home/dy/Desktop/20210510/hls/mnist/solution1/.autopilot/db/mnist_nn_predict.constraint.tcl 
Execute     source /home/dy/Desktop/20210510/hls/mnist/solution1/.autopilot/db/mnist_nn_predict.tbgen.tcl 
INFO-FLOW: DBG:CMD:       copy-tb-rtl-files
INFO-FLOW: DBG:CMD:       copy-tb-data-files
INFO-FLOW: DBG:CMD:       delete-temp-dirs (skipped for debug)
INFO-FLOW: DBG:CMD: read_platform_lib /home/dy/Desktop/20210510/hls/mnist/solution1/.autopilot/db/global.setting.tcl
Execute     source /home/dy/vivado/Vivado/2018.3/common/technology/generic/autopilot/common.gen 
Execute       source /home/dy/vivado/Vivado/2018.3/common/technology/generic/autopilot/APCoreGen.gen 
Execute     source /home/dy/vivado/Vivado/2018.3/common/technology/generic/autopilot/op.gen 
Execute     source /home/dy/vivado/Vivado/2018.3/common/technology/generic/autopilot/op_simcore.gen 
Execute     source /home/dy/vivado/Vivado/2018.3/common/technology/generic/autopilot/interface.gen 
Execute     source /home/dy/Desktop/20210510/hls/mnist/solution1/.autopilot/db/global.setting.tcl 
Execute     source /home/dy/vivado/Vivado/2018.3/common/technology/xilinx/zynq/zynq.gen 
Execute       source /home/dy/vivado/Vivado/2018.3/common/technology/xilinx/common/virtex.gen 
Execute         source /home/dy/vivado/Vivado/2018.3/common/technology/xilinx/common/xilinx.gen 
Execute           source /home/dy/vivado/Vivado/2018.3/common/technology/xilinx/interface/plb46.gen 
Execute           source /home/dy/vivado/Vivado/2018.3/common/technology/xilinx/interface/fsl.gen 
Execute           source /home/dy/vivado/Vivado/2018.3/common/technology/xilinx/interface/axi4.gen 
Execute           source /home/dy/vivado/Vivado/2018.3/common/technology/xilinx/interface/nativeAXI4.gen 
Execute             source /home/dy/vivado/Vivado/2018.3/common/technology/xilinx/interface/saxilite.gen 
Execute             source /home/dy/vivado/Vivado/2018.3/common/technology/xilinx/interface/maxi.gen 
Execute           source /home/dy/vivado/Vivado/2018.3/common/technology/xilinx/scripts/xilinxcoregen.gen 
Execute           source /home/dy/vivado/Vivado/2018.3/common/technology/xilinx/interface/XilEDKCoreGen.gen 
Execute           source /home/dy/vivado/Vivado/2018.3/common/technology/xilinx/ip/dds_compiler.gen 
Execute           source /home/dy/vivado/Vivado/2018.3/common/technology/xilinx/ip/util.gen 
Execute           source /home/dy/vivado/Vivado/2018.3/common/technology/xilinx/ip/xfft.gen 
Execute           source /home/dy/vivado/Vivado/2018.3/common/technology/xilinx/ip/xfir.gen 
Execute         source /home/dy/vivado/Vivado/2018.3/common/technology/xilinx/common/dsp48.gen 
Execute     source /home/dy/vivado/Vivado/2018.3/common/technology/xilinx/zynq/zynq_fpv6.gen 
Execute       source /home/dy/vivado/Vivado/2018.3/common/technology/xilinx/common/xilinx_fpv6.gen 
INFO-FLOW: DBG:CMD:     exec /home/dy/Desktop/20210510/hls/mnist/solution1/impl/ip/pack.sh
Command   export_design done; 53.11 sec.
Command ap_source done; 53.34 sec.
Execute cleanup_all 
